The system is: Windows - 10.0.18362 - AMD64
Compiling the C compiler identification source file "CMakeCCompilerId.c" succeeded.
Compiler: C:/Program Files (x86)/Microsoft Visual Studio/2019/BuildTools/VC/Tools/MSVC/14.21.27702/bin/Hostx86/x86/cl.exe 
Build flags: 
Id flags:  

The output was:
0
Microsoft (R) C/C++ Optimizing Compiler Versão 19.21.27702.2 para x86
Copyright (C) Microsoft Corporation. Todos os direitos reservados.

CMakeCCompilerId.c
Microsoft (R) Incremental Linker Version 14.21.27702.2
Copyright (C) Microsoft Corporation.  All rights reserved.

/out:CMakeCCompilerId.exe 
CMakeCCompilerId.obj 


Compilation of the C compiler identification source "CMakeCCompilerId.c" produced "CMakeCCompilerId.exe"

Compilation of the C compiler identification source "CMakeCCompilerId.c" produced "CMakeCCompilerId.obj"

The C compiler identification is MSVC, found in "C:/Users/Samuel/CLionProjects/ParteC/cmake-build-debug/CMakeFiles/3.15.3/CompilerIdC/CMakeCCompilerId.exe"

Determining if the C compiler works passed with the following output:
Change Dir: C:/Users/Samuel/CLionProjects/ParteC/cmake-build-debug/CMakeFiles/CMakeTmp

Run Build Command(s):nmake /nologo cmTC_a10d0\fast && 	"C:\Program Files (x86)\Microsoft Visual Studio\2019\BuildTools\VC\Tools\MSVC\14.21.27702\bin\HostX86\x86\nmake.exe" -f CMakeFiles\cmTC_a10d0.dir\build.make /nologo -L                  CMakeFiles\cmTC_a10d0.dir\build
Building C object CMakeFiles/cmTC_a10d0.dir/testCCompiler.c.obj
	C:\PROGRA~2\MIB055~1\2019\BUILDT~1\VC\Tools\MSVC\1421~1.277\bin\Hostx86\x86\cl.exe @C:\Users\Samuel\AppData\Local\Temp\nmEC43.tmp
testCCompiler.c
Linking C executable cmTC_a10d0.exe
	"C:\Program Files\JetBrains\CLion 2019.2.5\bin\cmake\win\bin\cmake.exe" -E vs_link_exe --intdir=CMakeFiles\cmTC_a10d0.dir --rc=C:\PROGRA~2\WI3CF2~1\10\bin\100177~1.0\x86\rc.exe --mt=C:\PROGRA~2\WI3CF2~1\10\bin\100177~1.0\x86\mt.exe --manifests  -- C:\PROGRA~2\MIB055~1\2019\BUILDT~1\VC\Tools\MSVC\1421~1.277\bin\Hostx86\x86\link.exe /nologo @CMakeFiles\cmTC_a10d0.dir\objects1.rsp @C:\Users\Samuel\AppData\Local\Temp\nmEDAB.tmp



Detecting C compiler ABI info compiled with the following output:
Change Dir: C:/Users/Samuel/CLionProjects/ParteC/cmake-build-debug/CMakeFiles/CMakeTmp

Run Build Command(s):nmake /nologo cmTC_eb2fd\fast && 	"C:\Program Files (x86)\Microsoft Visual Studio\2019\BuildTools\VC\Tools\MSVC\14.21.27702\bin\HostX86\x86\nmake.exe" -f CMakeFiles\cmTC_eb2fd.dir\build.make /nologo -L                  CMakeFiles\cmTC_eb2fd.dir\build
Building C object CMakeFiles/cmTC_eb2fd.dir/CMakeCCompilerABI.c.obj
	C:\PROGRA~2\MIB055~1\2019\BUILDT~1\VC\Tools\MSVC\1421~1.277\bin\Hostx86\x86\cl.exe @C:\Users\Samuel\AppData\Local\Temp\nmF098.tmp
CMakeCCompilerABI.c
Linking C executable cmTC_eb2fd.exe
	"C:\Program Files\JetBrains\CLion 2019.2.5\bin\cmake\win\bin\cmake.exe" -E vs_link_exe --intdir=CMakeFiles\cmTC_eb2fd.dir --rc=C:\PROGRA~2\WI3CF2~1\10\bin\100177~1.0\x86\rc.exe --mt=C:\PROGRA~2\WI3CF2~1\10\bin\100177~1.0\x86\mt.exe --manifests  -- C:\PROGRA~2\MIB055~1\2019\BUILDT~1\VC\Tools\MSVC\1421~1.277\bin\Hostx86\x86\link.exe /nologo @CMakeFiles\cmTC_eb2fd.dir\objects1.rsp @C:\Users\Samuel\AppData\Local\Temp\nmF107.tmp



